<?xml version="1.0" encoding="UTF-8"?>
<coverage generated="1775422000854" clover="3.2.0">
  <project timestamp="1775422000854" name="All files">
    <metrics statements="61" coveredstatements="61" conditionals="42" coveredconditionals="36" methods="13" coveredmethods="13" elements="116" coveredelements="110" complexity="0" loc="61" ncloc="61" packages="1" files="3" classes="3"/>
    <file name="app.js" path="/Users/arjun/Desktop/TDT4242-Group-9/server/src/app.js">
      <metrics statements="51" coveredstatements="51" conditionals="42" coveredconditionals="36" methods="11" coveredmethods="11"/>
      <line num="1" count="1" type="stmt"/>
      <line num="2" count="1" type="stmt"/>
      <line num="3" count="1" type="stmt"/>
      <line num="4" count="1" type="stmt"/>
      <line num="6" count="1" type="stmt"/>
      <line num="7" count="1" type="cond" truecount="2" falsecount="0"/>
      <line num="10" count="1" type="stmt"/>
      <line num="11" count="1" type="stmt"/>
      <line num="13" count="1" type="stmt"/>
      <line num="14" count="1" type="stmt"/>
      <line num="17" count="1" type="stmt"/>
      <line num="18" count="1" type="stmt"/>
      <line num="22" count="1" type="stmt"/>
      <line num="23" count="3" type="stmt"/>
      <line num="24" count="3" type="cond" truecount="1" falsecount="1"/>
      <line num="25" count="3" type="stmt"/>
      <line num="30" count="1" type="stmt"/>
      <line num="31" count="8" type="stmt"/>
      <line num="32" count="8" type="cond" truecount="2" falsecount="0"/>
      <line num="33" count="1" type="stmt"/>
      <line num="36" count="7" type="stmt"/>
      <line num="38" count="7" type="stmt"/>
      <line num="45" count="7" type="stmt"/>
      <line num="56" count="8" type="stmt"/>
      <line num="57" count="7" type="cond" truecount="1" falsecount="1"/>
      <line num="59" count="7" type="stmt"/>
      <line num="60" count="7" type="cond" truecount="1" falsecount="1"/>
      <line num="61" count="7" type="stmt"/>
      <line num="67" count="1" type="stmt"/>
      <line num="68" count="5" type="stmt"/>
      <line num="69" count="5" type="cond" truecount="2" falsecount="0"/>
      <line num="71" count="4" type="stmt"/>
      <line num="72" count="4" type="cond" truecount="2" falsecount="0"/>
      <line num="73" count="1" type="stmt"/>
      <line num="76" count="3" type="stmt"/>
      <line num="78" count="3" type="stmt"/>
      <line num="85" count="3" type="stmt"/>
      <line num="97" count="5" type="stmt"/>
      <line num="98" count="3" type="cond" truecount="1" falsecount="1"/>
      <line num="99" count="3" type="cond" truecount="2" falsecount="0"/>
      <line num="101" count="2" type="stmt"/>
      <line num="102" count="2" type="cond" truecount="1" falsecount="1"/>
      <line num="103" count="2" type="stmt"/>
      <line num="109" count="1" type="stmt"/>
      <line num="110" count="3" type="stmt"/>
      <line num="111" count="3" type="cond" truecount="2" falsecount="0"/>
      <line num="113" count="2" type="stmt"/>
      <line num="114" count="2" type="cond" truecount="1" falsecount="1"/>
      <line num="115" count="2" type="cond" truecount="2" falsecount="0"/>
      <line num="116" count="1" type="stmt"/>
      <line num="120" count="1" type="stmt"/>
    </file>
    <file name="db.js" path="/Users/arjun/Desktop/TDT4242-Group-9/server/src/db.js">
      <metrics statements="7" coveredstatements="7" conditionals="0" coveredconditionals="0" methods="2" coveredmethods="2"/>
      <line num="1" count="1" type="stmt"/>
      <line num="2" count="1" type="stmt"/>
      <line num="4" count="1" type="stmt"/>
      <line num="5" count="1" type="stmt"/>
      <line num="8" count="1" type="stmt"/>
      <line num="9" count="1" type="stmt"/>
      <line num="26" count="1" type="stmt"/>
    </file>
    <file name="validation.js" path="/Users/arjun/Desktop/TDT4242-Group-9/server/src/validation.js">
      <metrics statements="3" coveredstatements="3" conditionals="0" coveredconditionals="0" methods="0" coveredmethods="0"/>
      <line num="1" count="2" type="stmt"/>
      <line num="3" count="2" type="stmt"/>
      <line num="14" count="2" type="stmt"/>
    </file>
  </project>
</coverage>
