{"/Users/arjun/Desktop/TDT4242-Group-9/server/src/app.js": {"path":"/Users/arjun/Desktop/TDT4242-Group-9/server/src/app.js","statementMap":{"0":{"start":{"line":1,"column":16},"end":{"line":1,"column":34}},"1":{"start":{"line":2,"column":13},"end":{"line":2,"column":28}},"2":{"start":{"line":3,"column":32},"end":{"line":3,"column":47}},"3":{"start":{"line":4,"column":28},"end":{"line":4,"column":51}},"4":{"start":{"line":6,"column":12},"end":{"line":6,"column":21}},"5":{"start":{"line":7,"column":13},"end":{"line":7,"column":37}},"6":{"start":{"line":10,"column":0},"end":{"line":10,"column":null}},"7":{"start":{"line":11,"column":0},"end":{"line":11,"column":null}},"8":{"start":{"line":13,"column":0},"end":{"line":13,"column":null}},"9":{"start":{"line":14,"column":0},"end":{"line":14,"column":null}},"10":{"start":{"line":17,"column":0},"end":{"line":19,"column":null}},"11":{"start":{"line":18,"column":2},"end":{"line":18,"column":null}},"12":{"start":{"line":22,"column":0},"end":{"line":27,"column":null}},"13":{"start":{"line":23,"column":2},"end":{"line":26,"column":null}},"14":{"start":{"line":24,"column":4},"end":{"line":24,"column":null}},"15":{"start":{"line":24,"column":13},"end":{"line":24,"column":null}},"16":{"start":{"line":25,"column":4},"end":{"line":25,"column":null}},"17":{"start":{"line":30,"column":0},"end":{"line":64,"column":null}},"18":{"start":{"line":31,"column":17},"end":{"line":31,"column":52}},"19":{"start":{"line":32,"column":2},"end":{"line":34,"column":null}},"20":{"start":{"line":33,"column":4},"end":{"line":33,"column":null}},"21":{"start":{"line":36,"column":12},"end":{"line":36,"column":23}},"22":{"start":{"line":38,"column":14},"end":{"line":43,"column":3}},"23":{"start":{"line":45,"column":17},"end":{"line":54,"column":3}},"24":{"start":{"line":56,"column":2},"end":{"line":63,"column":null}},"25":{"start":{"line":57,"column":4},"end":{"line":57,"column":null}},"26":{"start":{"line":57,"column":13},"end":{"line":57,"column":null}},"27":{"start":{"line":59,"column":4},"end":{"line":62,"column":null}},"28":{"start":{"line":60,"column":6},"end":{"line":60,"column":null}},"29":{"start":{"line":60,"column":16},"end":{"line":60,"column":null}},"30":{"start":{"line":61,"column":6},"end":{"line":61,"column":null}},"31":{"start":{"line":67,"column":0},"end":{"line":106,"column":null}},"32":{"start":{"line":68,"column":13},"end":{"line":68,"column":34}},"33":{"start":{"line":69,"column":2},"end":{"line":69,"column":null}},"34":{"start":{"line":69,"column":28},"end":{"line":69,"column":null}},"35":{"start":{"line":71,"column":17},"end":{"line":71,"column":52}},"36":{"start":{"line":72,"column":2},"end":{"line":74,"column":null}},"37":{"start":{"line":73,"column":4},"end":{"line":73,"column":null}},"38":{"start":{"line":76,"column":12},"end":{"line":76,"column":23}},"39":{"start":{"line":78,"column":14},"end":{"line":83,"column":3}},"40":{"start":{"line":85,"column":17},"end":{"line":95,"column":3}},"41":{"start":{"line":97,"column":2},"end":{"line":105,"column":null}},"42":{"start":{"line":98,"column":4},"end":{"line":98,"column":null}},"43":{"start":{"line":98,"column":13},"end":{"line":98,"column":null}},"44":{"start":{"line":99,"column":4},"end":{"line":99,"column":null}},"45":{"start":{"line":99,"column":28},"end":{"line":99,"column":null}},"46":{"start":{"line":101,"column":4},"end":{"line":104,"column":null}},"47":{"start":{"line":102,"column":6},"end":{"line":102,"column":null}},"48":{"start":{"line":102,"column":16},"end":{"line":102,"column":null}},"49":{"start":{"line":103,"column":6},"end":{"line":103,"column":null}},"50":{"start":{"line":109,"column":0},"end":{"line":118,"column":null}},"51":{"start":{"line":110,"column":13},"end":{"line":110,"column":34}},"52":{"start":{"line":111,"column":2},"end":{"line":111,"column":null}},"53":{"start":{"line":111,"column":28},"end":{"line":111,"column":null}},"54":{"start":{"line":113,"column":2},"end":{"line":117,"column":null}},"55":{"start":{"line":114,"column":4},"end":{"line":114,"column":null}},"56":{"start":{"line":114,"column":13},"end":{"line":114,"column":null}},"57":{"start":{"line":115,"column":4},"end":{"line":115,"column":null}},"58":{"start":{"line":115,"column":28},"end":{"line":115,"column":null}},"59":{"start":{"line":116,"column":4},"end":{"line":116,"column":null}},"60":{"start":{"line":120,"column":0},"end":{"line":120,"column":null}}},"fnMap":{"0":{"name":"(anonymous_0)","decl":{"start":{"line":17,"column":19},"end":{"line":17,"column":20}},"loc":{"start":{"line":17,"column":33},"end":{"line":19,"column":1}},"line":17},"1":{"name":"(anonymous_1)","decl":{"start":{"line":22,"column":17},"end":{"line":22,"column":18}},"loc":{"start":{"line":22,"column":31},"end":{"line":27,"column":1}},"line":22},"2":{"name":"(anonymous_2)","decl":{"start":{"line":23,"column":59},"end":{"line":23,"column":60}},"loc":{"start":{"line":23,"column":74},"end":{"line":26,"column":3}},"line":23},"3":{"name":"(anonymous_3)","decl":{"start":{"line":30,"column":18},"end":{"line":30,"column":19}},"loc":{"start":{"line":30,"column":32},"end":{"line":64,"column":1}},"line":30},"4":{"name":"(anonymous_4)","decl":{"start":{"line":56,"column":22},"end":{"line":56,"column":30}},"loc":{"start":{"line":56,"column":37},"end":{"line":63,"column":3}},"line":56},"5":{"name":"(anonymous_5)","decl":{"start":{"line":59,"column":61},"end":{"line":59,"column":62}},"loc":{"start":{"line":59,"column":76},"end":{"line":62,"column":5}},"line":59},"6":{"name":"(anonymous_6)","decl":{"start":{"line":67,"column":21},"end":{"line":67,"column":22}},"loc":{"start":{"line":67,"column":35},"end":{"line":106,"column":1}},"line":67},"7":{"name":"(anonymous_7)","decl":{"start":{"line":97,"column":22},"end":{"line":97,"column":30}},"loc":{"start":{"line":97,"column":37},"end":{"line":105,"column":3}},"line":97},"8":{"name":"(anonymous_8)","decl":{"start":{"line":101,"column":52},"end":{"line":101,"column":53}},"loc":{"start":{"line":101,"column":67},"end":{"line":104,"column":5}},"line":101},"9":{"name":"(anonymous_9)","decl":{"start":{"line":109,"column":24},"end":{"line":109,"column":25}},"loc":{"start":{"line":109,"column":38},"end":{"line":118,"column":1}},"line":109},"10":{"name":"(anonymous_10)","decl":{"start":{"line":113,"column":48},"end":{"line":113,"column":56}},"loc":{"start":{"line":113,"column":63},"end":{"line":117,"column":3}},"line":113}},"branchMap":{"0":{"loc":{"start":{"line":7,"column":13},"end":{"line":7,"column":37}},"type":"binary-expr","locations":[{"start":{"line":7,"column":13},"end":{"line":7,"column":29}},{"start":{"line":7,"column":33},"end":{"line":7,"column":37}}],"line":7},"1":{"loc":{"start":{"line":24,"column":4},"end":{"line":24,"column":null}},"type":"if","locations":[{"start":{"line":24,"column":4},"end":{"line":24,"column":null}},{"start":{},"end":{}}],"line":24},"2":{"loc":{"start":{"line":32,"column":2},"end":{"line":34,"column":null}},"type":"if","locations":[{"start":{"line":32,"column":2},"end":{"line":34,"column":null}},{"start":{},"end":{}}],"line":32},"3":{"loc":{"start":{"line":50,"column":4},"end":{"line":50,"column":33}},"type":"binary-expr","locations":[{"start":{"line":50,"column":4},"end":{"line":50,"column":25}},{"start":{"line":50,"column":29},"end":{"line":50,"column":33}}],"line":50},"4":{"loc":{"start":{"line":51,"column":4},"end":{"line":51,"column":29}},"type":"binary-expr","locations":[{"start":{"line":51,"column":4},"end":{"line":51,"column":21}},{"start":{"line":51,"column":25},"end":{"line":51,"column":29}}],"line":51},"5":{"loc":{"start":{"line":52,"column":4},"end":{"line":52,"column":28}},"type":"binary-expr","locations":[{"start":{"line":52,"column":4},"end":{"line":52,"column":20}},{"start":{"line":52,"column":24},"end":{"line":52,"column":28}}],"line":52},"6":{"loc":{"start":{"line":53,"column":4},"end":{"line":53,"column":28}},"type":"binary-expr","locations":[{"start":{"line":53,"column":4},"end":{"line":53,"column":20}},{"start":{"line":53,"column":24},"end":{"line":53,"column":28}}],"line":53},"7":{"loc":{"start":{"line":57,"column":4},"end":{"line":57,"column":null}},"type":"if","locations":[{"start":{"line":57,"column":4},"end":{"line":57,"column":null}},{"start":{},"end":{}}],"line":57},"8":{"loc":{"start":{"line":60,"column":6},"end":{"line":60,"column":null}},"type":"if","locations":[{"start":{"line":60,"column":6},"end":{"line":60,"column":null}},{"start":{},"end":{}}],"line":60},"9":{"loc":{"start":{"line":69,"column":2},"end":{"line":69,"column":null}},"type":"if","locations":[{"start":{"line":69,"column":2},"end":{"line":69,"column":null}},{"start":{},"end":{}}],"line":69},"10":{"loc":{"start":{"line":72,"column":2},"end":{"line":74,"column":null}},"type":"if","locations":[{"start":{"line":72,"column":2},"end":{"line":74,"column":null}},{"start":{},"end":{}}],"line":72},"11":{"loc":{"start":{"line":90,"column":4},"end":{"line":90,"column":33}},"type":"binary-expr","locations":[{"start":{"line":90,"column":4},"end":{"line":90,"column":25}},{"start":{"line":90,"column":29},"end":{"line":90,"column":33}}],"line":90},"12":{"loc":{"start":{"line":91,"column":4},"end":{"line":91,"column":29}},"type":"binary-expr","locations":[{"start":{"line":91,"column":4},"end":{"line":91,"column":21}},{"start":{"line":91,"column":25},"end":{"line":91,"column":29}}],"line":91},"13":{"loc":{"start":{"line":92,"column":4},"end":{"line":92,"column":28}},"type":"binary-expr","locations":[{"start":{"line":92,"column":4},"end":{"line":92,"column":20}},{"start":{"line":92,"column":24},"end":{"line":92,"column":28}}],"line":92},"14":{"loc":{"start":{"line":93,"column":4},"end":{"line":93,"column":28}},"type":"binary-expr","locations":[{"start":{"line":93,"column":4},"end":{"line":93,"column":20}},{"start":{"line":93,"column":24},"end":{"line":93,"column":28}}],"line":93},"15":{"loc":{"start":{"line":98,"column":4},"end":{"line":98,"column":null}},"type":"if","locations":[{"start":{"line":98,"column":4},"end":{"line":98,"column":null}},{"start":{},"end":{}}],"line":98},"16":{"loc":{"start":{"line":99,"column":4},"end":{"line":99,"column":null}},"type":"if","locations":[{"start":{"line":99,"column":4},"end":{"line":99,"column":null}},{"start":{},"end":{}}],"line":99},"17":{"loc":{"start":{"line":102,"column":6},"end":{"line":102,"column":null}},"type":"if","locations":[{"start":{"line":102,"column":6},"end":{"line":102,"column":null}},{"start":{},"end":{}}],"line":102},"18":{"loc":{"start":{"line":111,"column":2},"end":{"line":111,"column":null}},"type":"if","locations":[{"start":{"line":111,"column":2},"end":{"line":111,"column":null}},{"start":{},"end":{}}],"line":111},"19":{"loc":{"start":{"line":114,"column":4},"end":{"line":114,"column":null}},"type":"if","locations":[{"start":{"line":114,"column":4},"end":{"line":114,"column":null}},{"start":{},"end":{}}],"line":114},"20":{"loc":{"start":{"line":115,"column":4},"end":{"line":115,"column":null}},"type":"if","locations":[{"start":{"line":115,"column":4},"end":{"line":115,"column":null}},{"start":{},"end":{}}],"line":115}},"s":{"0":1,"1":1,"2":1,"3":1,"4":1,"5":1,"6":1,"7":1,"8":1,"9":1,"10":1,"11":1,"12":1,"13":3,"14":3,"15":0,"16":3,"17":1,"18":8,"19":8,"20":1,"21":7,"22":7,"23":7,"24":8,"25":7,"26":0,"27":7,"28":7,"29":0,"30":7,"31":1,"32":5,"33":5,"34":1,"35":4,"36":4,"37":1,"38":3,"39":3,"40":3,"41":5,"42":3,"43":0,"44":3,"45":1,"46":2,"47":2,"48":0,"49":2,"50":1,"51":3,"52":3,"53":1,"54":2,"55":2,"56":0,"57":2,"58":1,"59":1,"60":1},"f":{"0":1,"1":3,"2":3,"3":8,"4":7,"5":7,"6":5,"7":3,"8":2,"9":3,"10":2},"b":{"0":[1,1],"1":[0,3],"2":[1,7],"3":[7,1],"4":[8,1],"5":[8,1],"6":[8,1],"7":[0,7],"8":[0,7],"9":[1,4],"10":[1,3],"11":[3,1],"12":[5,1],"13":[5,1],"14":[5,1],"15":[0,3],"16":[1,2],"17":[0,2],"18":[1,2],"19":[0,2],"20":[1,1]},"meta":{"lastBranch":21,"lastFunction":11,"lastStatement":61,"seen":{"s:1:16:1:34":0,"s:2:13:2:28":1,"s:3:32:3:47":2,"s:4:28:4:51":3,"s:6:12:6:21":4,"s:7:13:7:37":5,"b:7:13:7:29:7:33:7:37":0,"s:10:0:10:Infinity":6,"s:11:0:11:Infinity":7,"s:13:0:13:Infinity":8,"s:14:0:14:Infinity":9,"s:17:0:19:Infinity":10,"f:17:19:17:20":0,"s:18:2:18:Infinity":11,"s:22:0:27:Infinity":12,"f:22:17:22:18":1,"s:23:2:26:Infinity":13,"f:23:59:23:60":2,"b:24:4:24:Infinity:undefined:undefined:undefined:undefined":1,"s:24:4:24:Infinity":14,"s:24:13:24:Infinity":15,"s:25:4:25:Infinity":16,"s:30:0:64:Infinity":17,"f:30:18:30:19":3,"s:31:17:31:52":18,"b:32:2:34:Infinity:undefined:undefined:undefined:undefined":2,"s:32:2:34:Infinity":19,"s:33:4:33:Infinity":20,"s:36:12:36:23":21,"s:38:14:43:3":22,"s:45:17:54:3":23,"b:50:4:50:25:50:29:50:33":3,"b:51:4:51:21:51:25:51:29":4,"b:52:4:52:20:52:24:52:28":5,"b:53:4:53:20:53:24:53:28":6,"s:56:2:63:Infinity":24,"f:56:22:56:30":4,"b:57:4:57:Infinity:undefined:undefined:undefined:undefined":7,"s:57:4:57:Infinity":25,"s:57:13:57:Infinity":26,"s:59:4:62:Infinity":27,"f:59:61:59:62":5,"b:60:6:60:Infinity:undefined:undefined:undefined:undefined":8,"s:60:6:60:Infinity":28,"s:60:16:60:Infinity":29,"s:61:6:61:Infinity":30,"s:67:0:106:Infinity":31,"f:67:21:67:22":6,"s:68:13:68:34":32,"b:69:2:69:Infinity:undefined:undefined:undefined:undefined":9,"s:69:2:69:Infinity":33,"s:69:28:69:Infinity":34,"s:71:17:71:52":35,"b:72:2:74:Infinity:undefined:undefined:undefined:undefined":10,"s:72:2:74:Infinity":36,"s:73:4:73:Infinity":37,"s:76:12:76:23":38,"s:78:14:83:3":39,"s:85:17:95:3":40,"b:90:4:90:25:90:29:90:33":11,"b:91:4:91:21:91:25:91:29":12,"b:92:4:92:20:92:24:92:28":13,"b:93:4:93:20:93:24:93:28":14,"s:97:2:105:Infinity":41,"f:97:22:97:30":7,"b:98:4:98:Infinity:undefined:undefined:undefined:undefined":15,"s:98:4:98:Infinity":42,"s:98:13:98:Infinity":43,"b:99:4:99:Infinity:undefined:undefined:undefined:undefined":16,"s:99:4:99:Infinity":44,"s:99:28:99:Infinity":45,"s:101:4:104:Infinity":46,"f:101:52:101:53":8,"b:102:6:102:Infinity:undefined:undefined:undefined:undefined":17,"s:102:6:102:Infinity":47,"s:102:16:102:Infinity":48,"s:103:6:103:Infinity":49,"s:109:0:118:Infinity":50,"f:109:24:109:25":9,"s:110:13:110:34":51,"b:111:2:111:Infinity:undefined:undefined:undefined:undefined":18,"s:111:2:111:Infinity":52,"s:111:28:111:Infinity":53,"s:113:2:117:Infinity":54,"f:113:48:113:56":10,"b:114:4:114:Infinity:undefined:undefined:undefined:undefined":19,"s:114:4:114:Infinity":55,"s:114:13:114:Infinity":56,"b:115:4:115:Infinity:undefined:undefined:undefined:undefined":20,"s:115:4:115:Infinity":57,"s:115:28:115:Infinity":58,"s:116:4:116:Infinity":59,"s:120:0:120:Infinity":60}}}
,"/Users/arjun/Desktop/TDT4242-Group-9/server/src/db.js": {"path":"/Users/arjun/Desktop/TDT4242-Group-9/server/src/db.js","statementMap":{"0":{"start":{"line":1,"column":13},"end":{"line":1,"column":28}},"1":{"start":{"line":2,"column":16},"end":{"line":2,"column":44}},"2":{"start":{"line":4,"column":16},"end":{"line":4,"column":72}},"3":{"start":{"line":5,"column":11},"end":{"line":5,"column":40}},"4":{"start":{"line":8,"column":2},"end":{"line":23,"column":null}},"5":{"start":{"line":9,"column":4},"end":{"line":22,"column":null}},"6":{"start":{"line":26,"column":0},"end":{"line":26,"column":null}}},"fnMap":{"0":{"name":"initDb","decl":{"start":{"line":7,"column":9},"end":{"line":7,"column":15}},"loc":{"start":{"line":7,"column":18},"end":{"line":24,"column":null}},"line":7},"1":{"name":"(anonymous_1)","decl":{"start":{"line":8,"column":15},"end":{"line":8,"column":16}},"loc":{"start":{"line":8,"column":21},"end":{"line":23,"column":3}},"line":8}},"branchMap":{},"s":{"0":1,"1":1,"2":1,"3":1,"4":1,"5":1,"6":1},"f":{"0":1,"1":1},"b":{},"meta":{"lastBranch":0,"lastFunction":2,"lastStatement":7,"seen":{"s:1:13:1:28":0,"s:2:16:2:44":1,"s:4:16:4:72":2,"s:5:11:5:40":3,"f:7:9:7:15":0,"s:8:2:23:Infinity":4,"f:8:15:8:16":1,"s:9:4:22:Infinity":5,"s:26:0:26:Infinity":6}}}
,"/Users/arjun/Desktop/TDT4242-Group-9/server/src/validation.js": {"path":"/Users/arjun/Desktop/TDT4242-Group-9/server/src/validation.js","statementMap":{"0":{"start":{"line":1,"column":14},"end":{"line":1,"column":28}},"1":{"start":{"line":3,"column":24},"end":{"line":12,"column":2}},"2":{"start":{"line":14,"column":0},"end":{"line":14,"column":null}}},"fnMap":{},"branchMap":{},"s":{"0":2,"1":2,"2":2},"f":{},"b":{},"meta":{"lastBranch":0,"lastFunction":0,"lastStatement":3,"seen":{"s:1:14:1:28":0,"s:3:24:12:2":1,"s:14:0:14:Infinity":2}}}
}
