TN:
SF:src/App.tsx
FNF:0
FNH:0
DA:1,1
DA:2,1
DA:3,1
DA:4,1
DA:5,1
DA:6,1
DA:7,1
DA:8,1
DA:9,1
DA:10,1
DA:12,1
DA:14,1
DA:15,1
DA:16,1
DA:17,1
DA:18,1
DA:19,1
DA:20,1
DA:21,1
DA:22,1
DA:23,1
DA:24,1
DA:25,1
DA:32,1
LF:24
LH:24
BRF:0
BRH:0
end_of_record
TN:
SF:src/components/EntriesList.tsx
FN:73,parseAssignmentTitle
FN:87,buildAssignmentTitle
FN:96,EntriesList
FN:119,onSuccess
FN:123,mutationFn
FN:125,onSuccess
FN:128,handleDelete
FN:137,handleDeleteAll
FN:148,openEdit
FN:166,updateEditField
FN:170,handleUpdate
FN:206,generateDeclaration
FN:366,onClick
FN:375,onClick
FN:454,onChange
FN:463,onChange
FN:474,onChange
FN:485,onChange
FN:494,onValueChange
FN:512,onValueChange
FN:534,onChange
FN:545,onChange
FN:556,onChange
FN:567,onChange
FN:574,onClick
FNF:25
FNH:20
FNDA:115,parseAssignmentTitle
FNDA:3,buildAssignmentTitle
FNDA:68,EntriesList
FNDA:1,onSuccess
FNDA:3,mutationFn
FNDA:2,onSuccess
FNDA:1,handleDelete
FNDA:0,handleDeleteAll
FNDA:4,openEdit
FNDA:40,updateEditField
FNDA:3,handleUpdate
FNDA:1,generateDeclaration
FNDA:4,onClick
FNDA:1,onClick
FNDA:0,onChange
FNDA:0,onChange
FNDA:15,onChange
FNDA:0,onChange
FNDA:1,onValueChange
FNDA:1,onValueChange
FNDA:8,onChange
FNDA:5,onChange
FNDA:5,onChange
FNDA:5,onChange
FNDA:0,onClick
DA:1,1
DA:2,1
DA:9,1
DA:10,1
DA:11,1
DA:19,1
DA:30,1
DA:31,1
DA:32,1
DA:33,1
DA:40,1
DA:41,1
DA:43,1
DA:44,1
DA:46,1
DA:48,1
DA:49,1
DA:50,1
DA:51,1
DA:52,1
DA:53,1
DA:54,1
DA:55,1
DA:56,1
DA:57,1
DA:58,1
DA:59,1
DA:60,1
DA:62,1
DA:63,1
DA:64,1
DA:65,1
DA:66,1
DA:67,1
DA:68,1
DA:69,1
DA:70,1
DA:71,1
DA:73,1
DA:74,115
DA:75,115
DA:76,115
DA:77,115
DA:78,115
DA:79,113
DA:80,113
DA:81,115
DA:82,1
DA:83,1
DA:84,1
DA:85,1
DA:87,1
DA:88,3
DA:89,3
DA:90,3
DA:92,3
DA:93,3
DA:94,3
DA:96,1
DA:97,68
DA:98,68
DA:99,68
DA:100,68
DA:101,68
DA:102,68
DA:103,68
DA:104,68
DA:105,68
DA:106,68
DA:107,68
DA:108,68
DA:109,68
DA:110,68
DA:111,68
DA:112,68
DA:113,68
DA:114,68
DA:115,68
DA:117,68
DA:118,68
DA:119,68
DA:120,68
DA:122,68
DA:123,68
DA:124,3
DA:125,68
DA:126,68
DA:128,68
DA:129,1
DA:130,1
DA:131,1
DA:132,1
DA:133,0
DA:134,0
DA:135,1
DA:137,68
DA:138,0
DA:139,0
DA:140,0
DA:141,0
DA:142,0
DA:143,0
DA:144,0
DA:145,0
DA:146,0
DA:148,68
DA:149,4
DA:150,4
DA:151,4
DA:152,4
DA:153,4
DA:154,4
DA:155,4
DA:156,4
DA:157,4
DA:158,4
DA:159,4
DA:160,4
DA:161,4
DA:162,4
DA:163,4
DA:164,4
DA:166,68
DA:167,40
DA:168,40
DA:170,68
DA:171,3
DA:172,3
DA:173,3
DA:174,3
DA:175,3
DA:176,3
DA:177,3
DA:178,0
DA:179,0
DA:180,0
DA:181,3
DA:182,3
DA:183,3
DA:184,3
DA:185,3
DA:187,3
DA:188,3
DA:189,3
DA:190,3
DA:191,3
DA:192,3
DA:193,3
DA:194,3
DA:196,3
DA:197,3
DA:198,2
DA:199,2
DA:200,2
DA:201,3
DA:202,1
DA:203,1
DA:204,3
DA:206,68
DA:207,1
DA:208,0
DA:209,0
DA:210,0
DA:212,1
DA:213,2
DA:214,2
DA:215,2
DA:216,1
DA:218,1
DA:219,1
DA:220,1
DA:222,1
DA:223,2
DA:224,2
DA:225,2
DA:226,2
DA:227,2
DA:228,2
DA:229,2
DA:230,2
DA:231,2
DA:232,2
DA:233,2
DA:234,2
DA:235,2
DA:236,2
DA:237,2
DA:238,2
DA:240,1
DA:241,1
DA:242,1
DA:243,1
DA:244,1
DA:246,1
DA:247,1
DA:248,1
DA:249,1
DA:250,1
DA:251,1
DA:252,1
DA:253,1
DA:254,1
DA:256,68
DA:257,68
DA:258,68
DA:259,68
DA:260,68
DA:261,68
DA:262,68
DA:263,68
DA:266,68
DA:267,68
DA:271,68
DA:272,68
DA:273,68
DA:274,68
DA:275,68
DA:279,68
DA:280,68
DA:281,68
DA:282,68
DA:287,68
DA:288,68
DA:289,68
DA:295,68
DA:296,68
DA:297,68
DA:298,68
DA:300,68
DA:306,68
DA:307,11
DA:308,11
DA:309,11
DA:310,11
DA:312,11
DA:313,11
DA:318,68
DA:319,1
DA:320,1
DA:321,1
DA:322,1
DA:324,1
DA:325,1
DA:331,68
DA:332,68
DA:333,111
DA:334,111
DA:335,111
DA:336,111
DA:337,111
DA:339,111
DA:340,111
DA:341,111
DA:342,111
DA:343,111
DA:345,111
DA:346,111
DA:347,111
DA:349,111
DA:350,111
DA:351,111
DA:352,111
DA:354,111
DA:355,111
DA:360,111
DA:361,111
DA:362,111
DA:363,111
DA:364,111
DA:365,111
DA:366,111
DA:367,111
DA:369,111
DA:371,111
DA:372,111
DA:373,111
DA:374,111
DA:375,111
DA:376,111
DA:378,111
DA:383,111
DA:384,111
DA:385,111
DA:386,111
DA:388,111
DA:389,111
DA:392,111
DA:393,111
DA:394,111
DA:395,111
DA:397,111
DA:398,111
DA:402,111
DA:403,111
DA:404,111
DA:405,111
DA:407,111
DA:408,111
DA:412,111
DA:413,111
DA:414,111
DA:415,111
DA:417,111
DA:418,111
DA:422,111
DA:423,111
DA:424,111
DA:425,111
DA:427,111
DA:428,111
DA:435,111
DA:439,68
DA:440,68
DA:441,68
DA:442,68
DA:443,68
DA:447,68
DA:448,68
DA:449,68
DA:450,68
DA:451,68
DA:452,68
DA:453,68
DA:454,68
DA:455,68
DA:458,68
DA:459,68
DA:460,68
DA:461,68
DA:462,68
DA:463,68
DA:464,68
DA:468,68
DA:469,68
DA:470,68
DA:471,68
DA:472,68
DA:473,68
DA:474,68
DA:475,15
DA:479,68
DA:480,68
DA:481,68
DA:482,68
DA:483,68
DA:484,68
DA:485,68
DA:489,68
DA:490,68
DA:491,68
DA:492,68
DA:493,68
DA:494,68
DA:496,68
DA:497,68
DA:499,68
DA:500,68
DA:501,68
DA:502,68
DA:508,68
DA:509,68
DA:510,68
DA:511,68
DA:512,68
DA:513,1
DA:516,68
DA:517,68
DA:519,68
DA:520,68
DA:521,68
DA:522,68
DA:529,68
DA:530,68
DA:531,68
DA:532,68
DA:533,68
DA:534,68
DA:535,8
DA:539,68
DA:540,68
DA:541,68
DA:542,68
DA:543,68
DA:544,68
DA:545,68
DA:546,5
DA:550,68
DA:551,68
DA:552,68
DA:553,68
DA:554,68
DA:555,68
DA:556,68
DA:557,5
DA:561,68
DA:562,68
DA:563,68
DA:564,68
DA:565,68
DA:566,68
DA:567,68
DA:568,5
DA:573,68
DA:574,68
DA:577,68
DA:578,68
DA:585,68
DA:587,1
LF:408
LH:391
BRDA:73,0,0,115
BRDA:78,1,0,113
BRDA:80,2,0,2
BRDA:81,3,0,1
BRDA:76,4,0,342
BRDA:87,5,0,3
BRDA:96,6,0,68
BRDA:267,7,0,1
BRDA:267,8,0,67
BRDA:306,9,0,11
BRDA:318,10,0,1
BRDA:578,11,0,0
BRDA:119,12,0,1
BRDA:123,13,0,3
BRDA:125,14,0,2
BRDA:128,15,0,1
BRDA:132,16,0,0
BRDA:148,17,0,4
BRDA:158,18,0,0
BRDA:159,19,0,0
BRDA:160,20,0,0
BRDA:161,21,0,0
BRDA:166,22,0,40
BRDA:167,23,0,40
BRDA:170,24,0,3
BRDA:171,25,0,0
BRDA:177,26,0,0
BRDA:190,27,0,0
BRDA:191,28,0,0
BRDA:192,29,0,0
BRDA:193,30,0,0
BRDA:197,31,0,2
BRDA:201,32,0,1
BRDA:206,33,0,1
BRDA:207,34,0,0
BRDA:212,35,0,2
BRDA:222,36,0,2
BRDA:225,37,0,2
BRDA:230,38,0,1
BRDA:232,39,0,1
BRDA:233,40,0,1
BRDA:235,41,0,1
BRDA:332,42,0,111
BRDA:349,43,0,1
BRDA:366,44,0,4
BRDA:375,45,0,1
BRDA:474,46,0,15
BRDA:494,47,0,1
BRDA:512,48,0,1
BRDA:534,49,0,8
BRDA:545,50,0,5
BRDA:556,51,0,5
BRDA:567,52,0,5
BRF:53
BRH:40
end_of_record
TN:
SF:src/components/Header.tsx
FN:11,Header
FNF:1
FNH:1
FNDA:43,Header
DA:1,1
DA:2,1
DA:4,1
DA:5,1
DA:6,1
DA:7,1
DA:8,1
DA:9,1
DA:11,1
DA:12,43
DA:14,43
DA:15,43
DA:16,43
DA:17,43
DA:18,43
DA:19,43
DA:21,43
DA:22,43
DA:23,43
DA:24,43
DA:28,43
DA:29,43
DA:30,172
DA:31,172
DA:32,172
DA:33,172
DA:34,172
DA:35,172
DA:36,172
DA:37,43
DA:38,129
DA:39,172
DA:41,172
DA:42,172
DA:45,172
DA:50,43
DA:52,1
LF:37
LH:37
BRDA:11,0,0,43
BRDA:29,1,0,172
BRDA:36,2,0,43
BRDA:37,3,0,129
BRF:4
BRH:4
end_of_record
TN:
SF:src/components/NavLink.tsx
FN:17,className
FNF:1
FNH:1
FNDA:2,className
DA:1,1
DA:11,1
DA:12,1
DA:13,2
DA:14,2
DA:15,2
DA:16,2
DA:17,2
DA:18,2
DA:20,2
DA:23,2
DA:26,1
LF:12
LH:12
BRDA:12,0,0,2
BRDA:17,1,0,2
BRDA:18,2,0,1
BRDA:18,3,0,0
BRF:4
BRH:3
end_of_record
TN:
SF:src/components/UsageLogForm.tsx
FN:60,buildAssignmentTitle
FN:69,UsageLogForm
FN:89,mutationFn
FN:91,onSuccess
FN:96,updateField
FN:99,updateToolEntry
FN:111,addToolEntry
FN:126,removeToolEntry
FN:133,handleSubmit
FN:201,onChange
FN:211,onChange
FN:221,onChange
FN:231,onChange
FN:240,onValueChange
FN:260,onChange
FN:298,onValueChange
FN:323,onClick
FN:340,onChange
FN:358,onChange
FN:374,onChange
FNF:20
FNH:20
FNDA:5,buildAssignmentTitle
FNDA:328,UsageLogForm
FNDA:5,mutationFn
FNDA:4,onSuccess
FNDA:224,updateField
FNDA:81,updateToolEntry
FNDA:3,addToolEntry
FNDA:1,removeToolEntry
FNDA:7,handleSubmit
FNDA:14,onChange
FNDA:10,onChange
FNDA:82,onChange
FNDA:2,onChange
FNDA:7,onValueChange
FNDA:109,onChange
FNDA:7,onValueChange
FNDA:1,onClick
FNDA:21,onChange
FNDA:25,onChange
FNDA:28,onChange
DA:1,1
DA:2,1
DA:3,1
DA:4,1
DA:5,1
DA:12,1
DA:19,1
DA:20,1
DA:21,1
DA:23,1
DA:24,1
DA:26,1
DA:27,1
DA:28,1
DA:29,1
DA:30,1
DA:31,1
DA:32,1
DA:33,1
DA:34,1
DA:35,1
DA:37,1
DA:38,1
DA:39,1
DA:40,1
DA:41,1
DA:42,1
DA:43,1
DA:44,1
DA:45,1
DA:46,1
DA:47,1
DA:48,1
DA:49,1
DA:51,1
DA:60,1
DA:61,5
DA:62,5
DA:63,5
DA:65,5
DA:66,5
DA:67,5
DA:69,1
DA:70,328
DA:71,328
DA:72,328
DA:73,328
DA:74,328
DA:75,328
DA:76,328
DA:77,328
DA:78,328
DA:79,328
DA:80,328
DA:81,328
DA:82,328
DA:83,328
DA:84,328
DA:85,328
DA:86,328
DA:88,328
DA:89,328
DA:90,5
DA:91,328
DA:92,4
DA:93,4
DA:94,328
DA:96,328
DA:97,224
DA:99,328
DA:100,81
DA:101,81
DA:102,81
DA:104,81
DA:105,81
DA:106,81
DA:107,81
DA:108,81
DA:109,81
DA:111,328
DA:112,3
DA:113,3
DA:114,3
DA:115,3
DA:116,3
DA:117,3
DA:118,3
DA:119,3
DA:120,3
DA:121,3
DA:122,3
DA:123,3
DA:124,3
DA:126,328
DA:127,1
DA:128,1
DA:129,1
DA:130,1
DA:131,1
DA:133,328
DA:134,7
DA:135,7
DA:136,1
DA:137,1
DA:138,1
DA:139,7
DA:140,1
DA:141,1
DA:142,1
DA:144,5
DA:145,5
DA:146,5
DA:147,5
DA:149,5
DA:150,6
DA:151,6
DA:152,6
DA:153,6
DA:154,6
DA:155,6
DA:156,6
DA:157,6
DA:158,6
DA:160,5
DA:161,5
DA:162,4
DA:163,4
DA:164,4
DA:165,4
DA:166,4
DA:167,4
DA:168,4
DA:169,4
DA:170,4
DA:171,4
DA:172,4
DA:173,4
DA:174,4
DA:175,4
DA:176,4
DA:177,4
DA:178,4
DA:179,7
DA:180,1
DA:181,1
DA:182,7
DA:184,328
DA:185,328
DA:186,328
DA:187,328
DA:188,328
DA:192,328
DA:193,328
DA:194,328
DA:195,328
DA:196,328
DA:197,328
DA:198,328
DA:199,328
DA:200,328
DA:201,328
DA:202,328
DA:205,328
DA:206,328
DA:207,328
DA:208,328
DA:209,328
DA:210,328
DA:211,328
DA:212,328
DA:215,328
DA:216,328
DA:217,328
DA:218,328
DA:219,328
DA:220,328
DA:221,328
DA:222,328
DA:225,328
DA:226,328
DA:227,328
DA:228,328
DA:229,328
DA:230,328
DA:231,328
DA:235,328
DA:236,328
DA:237,328
DA:238,328
DA:239,328
DA:240,328
DA:242,328
DA:243,328
DA:245,328
DA:246,328
DA:247,328
DA:248,328
DA:254,328
DA:255,328
DA:256,328
DA:257,328
DA:258,328
DA:259,328
DA:260,328
DA:261,109
DA:263,328
DA:268,328
DA:269,328
DA:270,328
DA:271,328
DA:272,328
DA:276,328
DA:277,328
DA:278,328
DA:279,328
DA:280,328
DA:281,328
DA:283,328
DA:288,328
DA:289,328
DA:290,328
DA:291,328
DA:293,328
DA:294,328
DA:295,328
DA:296,328
DA:297,328
DA:298,328
DA:299,7
DA:302,328
DA:303,328
DA:304,328
DA:306,328
DA:308,328
DA:309,328
DA:310,328
DA:311,328
DA:317,328
DA:318,328
DA:319,328
DA:320,328
DA:321,328
DA:322,328
DA:323,328
DA:324,328
DA:326,328
DA:331,328
DA:332,328
DA:333,328
DA:336,328
DA:337,328
DA:338,328
DA:339,328
DA:340,328
DA:341,21
DA:342,21
DA:343,21
DA:344,21
DA:347,328
DA:348,328
DA:352,328
DA:353,328
DA:354,328
DA:355,328
DA:356,328
DA:357,328
DA:358,328
DA:359,25
DA:361,328
DA:362,328
DA:366,328
DA:367,328
DA:370,328
DA:371,328
DA:372,328
DA:373,328
DA:374,328
DA:375,28
DA:377,328
DA:378,328
DA:386,328
DA:387,328
DA:388,328
DA:389,328
DA:390,328
DA:392,328
DA:393,328
DA:399,328
DA:401,1
LF:289
LH:289
BRDA:60,0,0,5
BRDA:69,1,0,328
BRDA:393,2,0,0
BRDA:89,3,0,5
BRDA:90,4,0,6
BRDA:91,5,0,4
BRDA:96,6,0,224
BRDA:97,7,0,224
BRDA:99,8,0,81
BRDA:104,9,0,81
BRDA:111,10,0,3
BRDA:112,11,0,3
BRDA:126,12,0,1
BRDA:127,13,0,1
BRDA:129,14,0,2
BRDA:133,15,0,7
BRDA:135,16,0,6
BRDA:135,17,0,6
BRDA:135,18,0,1
BRDA:138,19,0,6
BRDA:139,20,0,1
BRDA:142,21,0,5
BRDA:161,22,0,4
BRDA:179,23,0,1
BRDA:139,24,0,8
BRDA:149,25,0,6
BRDA:154,26,0,4
BRDA:155,27,0,5
BRDA:156,28,0,5
BRDA:157,29,0,5
BRDA:201,30,0,14
BRDA:211,31,0,10
BRDA:221,32,0,82
BRDA:231,33,0,2
BRDA:240,34,0,7
BRDA:260,35,0,109
BRDA:298,36,0,7
BRDA:323,37,0,1
BRDA:340,38,0,21
BRDA:358,39,0,25
BRDA:374,40,0,28
BRF:41
BRH:40
end_of_record
TN:
SF:src/lib/utils.ts
FN:4,cn
FNF:1
FNH:1
FNDA:25012,cn
DA:1,1
DA:4,1
DA:5,25012
DA:6,25012
LF:4
LH:4
BRDA:4,0,0,25012
BRF:1
BRH:1
end_of_record
TN:
SF:src/pages/Dashboard.tsx
FN:51,parseAssignmentTitle
FN:65,Dashboard
FN:80,updateFilter
FN:240,onChange
FN:249,onChange
FN:256,onValueChange
FN:275,onValueChange
FN:296,onValueChange
FN:318,onChange
FN:327,onChange
FNF:10
FNH:9
FNDA:80,parseAssignmentTitle
FNDA:39,Dashboard
FNDA:27,updateFilter
FNDA:17,onChange
FNDA:5,onChange
FNDA:1,onValueChange
FNDA:0,onValueChange
FNDA:2,onValueChange
FNDA:1,onChange
FNDA:1,onChange
DA:1,1
DA:2,1
DA:3,1
DA:4,1
DA:5,1
DA:6,1
DA:7,1
DA:14,1
DA:15,1
DA:20,1
DA:21,1
DA:22,1
DA:24,1
DA:26,1
DA:27,1
DA:28,1
DA:29,1
DA:30,1
DA:31,1
DA:32,1
DA:33,1
DA:34,1
DA:35,1
DA:36,1
DA:37,1
DA:38,1
DA:40,1
DA:41,1
DA:42,1
DA:43,1
DA:44,1
DA:45,1
DA:46,1
DA:47,1
DA:48,1
DA:49,1
DA:51,1
DA:52,80
DA:53,80
DA:54,80
DA:55,80
DA:56,80
DA:57,60
DA:58,60
DA:59,80
DA:60,10
DA:61,10
DA:62,10
DA:63,10
DA:65,1
DA:66,39
DA:67,39
DA:68,39
DA:69,39
DA:70,39
DA:71,39
DA:72,39
DA:73,39
DA:74,39
DA:75,39
DA:76,39
DA:77,39
DA:78,39
DA:80,39
DA:81,27
DA:82,27
DA:84,39
DA:85,39
DA:87,39
DA:88,26
DA:89,26
DA:90,68
DA:91,68
DA:92,68
DA:93,23
DA:95,68
DA:96,26
DA:98,39
DA:99,6
DA:100,6
DA:101,12
DA:102,12
DA:103,12
DA:104,0
DA:106,12
DA:107,6
DA:109,39
DA:110,1
DA:111,1
DA:113,39
DA:114,0
DA:115,0
DA:117,0
DA:119,39
DA:120,39
DA:121,39
DA:123,39
DA:124,0
DA:125,0
DA:126,39
DA:127,35
DA:128,35
DA:129,39
DA:130,0
DA:131,0
DA:132,4
DA:133,3
DA:134,3
DA:135,3
DA:137,39
DA:138,37
DA:139,54
DA:140,54
DA:141,54
DA:142,34
DA:143,34
DA:144,37
DA:146,39
DA:147,39
DA:149,39
DA:150,39
DA:151,39
DA:152,39
DA:153,39
DA:156,39
DA:157,39
DA:158,38
DA:159,38
DA:160,38
DA:161,39
DA:164,39
DA:165,39
DA:167,39
DA:168,39
DA:169,39
DA:170,39
DA:171,39
DA:172,39
DA:173,39
DA:175,39
DA:176,39
DA:180,39
DA:181,38
DA:182,38
DA:183,38
DA:184,38
DA:185,7
DA:186,38
DA:187,31
DA:188,31
DA:189,38
DA:191,39
DA:192,39
DA:193,39
DA:194,39
DA:196,39
DA:197,39
DA:198,39
DA:199,38
DA:200,38
DA:201,38
DA:202,39
DA:205,39
DA:206,39
DA:207,39
DA:208,39
DA:209,39
DA:211,39
DA:212,39
DA:213,39
DA:214,39
DA:215,39
DA:216,39
DA:217,39
DA:218,39
DA:219,39
DA:220,39
DA:223,39
DA:229,39
DA:230,39
DA:231,39
DA:233,39
DA:234,39
DA:235,39
DA:236,39
DA:237,39
DA:238,39
DA:239,39
DA:240,39
DA:243,39
DA:244,39
DA:245,39
DA:246,39
DA:247,39
DA:248,39
DA:249,39
DA:252,39
DA:253,39
DA:254,39
DA:255,39
DA:256,39
DA:258,39
DA:259,39
DA:261,39
DA:262,39
DA:263,39
DA:264,39
DA:265,39
DA:271,39
DA:272,39
DA:273,39
DA:274,39
DA:275,39
DA:276,0
DA:279,39
DA:280,39
DA:282,39
DA:283,39
DA:284,39
DA:285,39
DA:286,39
DA:292,39
DA:293,39
DA:294,39
DA:295,39
DA:296,39
DA:298,39
DA:299,39
DA:301,39
DA:302,39
DA:303,39
DA:304,39
DA:305,39
DA:306,39
DA:310,39
DA:311,39
DA:312,39
DA:313,39
DA:314,39
DA:315,39
DA:316,39
DA:317,39
DA:318,39
DA:321,39
DA:322,39
DA:323,39
DA:324,39
DA:325,39
DA:326,39
DA:327,39
DA:335,39
DA:336,39
DA:337,39
DA:338,39
DA:342,39
DA:343,39
DA:346,39
DA:347,39
DA:348,39
DA:352,39
DA:353,39
DA:354,39
DA:358,39
DA:359,39
DA:360,39
DA:364,39
DA:365,39
DA:366,39
DA:370,39
DA:371,39
DA:372,39
DA:376,39
DA:377,39
DA:378,39
DA:384,39
DA:385,39
DA:386,39
DA:387,39
DA:389,39
DA:390,39
DA:391,9
DA:395,39
DA:396,39
DA:397,39
DA:398,39
DA:399,39
DA:400,39
DA:401,39
DA:403,39
DA:404,39
DA:405,39
DA:407,39
DA:408,39
DA:409,39
DA:410,39
DA:411,39
DA:413,39
DA:414,39
DA:415,39
DA:416,39
DA:417,39
DA:418,39
DA:425,39
DA:426,39
DA:427,39
DA:429,39
DA:430,39
DA:431,9
DA:435,39
DA:436,39
DA:437,39
DA:438,39
DA:440,39
DA:441,39
DA:443,39
DA:454,39
DA:456,1
LF:317
LH:308
BRDA:51,0,0,80
BRDA:56,1,0,60
BRDA:58,2,0,20
BRDA:59,3,0,10
BRDA:54,4,0,210
BRDA:65,5,0,39
BRDA:390,6,0,9
BRDA:430,7,0,9
BRDA:80,8,0,27
BRDA:81,9,0,27
BRDA:84,10,0,39
BRDA:87,11,0,26
BRDA:98,12,0,6
BRDA:109,13,0,1
BRDA:113,14,0,0
BRDA:123,15,0,0
BRDA:126,16,0,35
BRDA:129,17,0,4
BRDA:129,18,0,0
BRDA:132,19,0,3
BRDA:133,20,0,2
BRDA:133,21,0,1
BRDA:134,22,0,1
BRDA:134,23,0,2
BRDA:137,24,0,2
BRDA:137,25,0,37
BRDA:89,26,0,68
BRDA:92,27,0,23
BRDA:100,28,0,12
BRDA:103,29,0,0
BRDA:110,30,0,2
BRDA:138,31,0,54
BRDA:140,32,0,20
BRDA:140,33,0,53
BRDA:140,34,0,34
BRDA:141,35,0,33
BRDA:141,36,0,53
BRDA:141,37,0,0
BRDA:141,38,0,34
BRDA:149,39,0,39
BRDA:165,40,0,30
BRDA:165,41,0,9
BRDA:151,42,0,38
BRDA:153,43,0,38
BRDA:157,44,0,38
BRDA:158,45,0,37
BRDA:165,46,0,7
BRDA:175,47,0,39
BRDA:180,48,0,38
BRDA:184,49,0,7
BRDA:186,50,0,31
BRDA:192,51,0,1
BRDA:193,52,0,31
BRDA:196,53,0,39
BRDA:198,54,0,38
BRDA:199,55,0,37
BRDA:206,56,0,7
BRDA:208,57,0,37
BRDA:240,58,0,17
BRDA:249,59,0,5
BRDA:256,60,0,1
BRDA:296,61,0,2
BRDA:318,62,0,1
BRDA:327,63,0,1
BRF:64
BRH:59
end_of_record
TN:
SF:src/pages/Entries.tsx
FN:4,Entries
FNF:1
FNH:1
FNDA:1,Entries
DA:1,1
DA:2,1
DA:4,1
DA:5,1
DA:6,1
DA:7,1
DA:8,1
DA:9,1
DA:13,1
DA:15,1
LF:10
LH:10
BRDA:4,0,0,1
BRF:1
BRH:1
end_of_record
TN:
SF:src/pages/Index.tsx
FN:25,Index
FNF:1
FNH:1
FNDA:1,Index
DA:1,1
DA:2,1
DA:3,1
DA:4,1
DA:5,1
DA:7,1
DA:8,1
DA:9,1
DA:10,1
DA:11,1
DA:12,1
DA:13,1
DA:14,1
DA:15,1
DA:16,1
DA:17,1
DA:18,1
DA:19,1
DA:20,1
DA:21,1
DA:22,1
DA:23,1
DA:25,1
DA:26,1
DA:27,1
DA:28,1
DA:31,1
DA:32,1
DA:33,1
DA:34,1
DA:35,1
DA:37,1
DA:40,1
DA:43,1
DA:44,1
DA:45,1
DA:46,1
DA:50,1
DA:51,1
DA:52,1
DA:61,1
DA:62,1
DA:63,1
DA:64,1
DA:65,1
DA:66,1
DA:67,1
DA:69,1
DA:70,1
DA:78,1
DA:80,1
LF:51
LH:51
BRDA:25,0,0,1
BRF:1
BRH:1
end_of_record
TN:
SF:src/pages/LogUsage.tsx
FN:4,LogUsage
FNF:1
FNH:1
FNDA:1,LogUsage
DA:1,1
DA:2,1
DA:4,1
DA:5,1
DA:6,1
DA:7,1
DA:8,1
DA:9,1
DA:13,1
DA:15,1
LF:10
LH:10
BRDA:4,0,0,1
BRF:1
BRH:1
end_of_record
TN:
SF:src/pages/NotFound.tsx
FN:4,NotFound
FNF:1
FNH:1
FNDA:1,NotFound
DA:1,1
DA:2,1
DA:4,1
DA:5,1
DA:7,1
DA:8,1
DA:9,1
DA:11,1
DA:12,1
DA:13,1
DA:14,1
DA:15,1
DA:16,1
DA:22,1
DA:24,1
LF:15
LH:15
BRDA:4,0,0,1
BRDA:7,1,0,1
BRF:2
BRH:2
end_of_record
